<?xml version="1.0" encoding="UTF-8"?>
<!-- Generated by org.testng.reporters.JUnitReportReporter -->
<testsuite name="automationframework.UDF_TC" tests="1" time="31.532" ignored="0" failures="0" timestamp="08 Feb 2017 06:08:04 GMT" skipped="0" hostname="Testing-PC" errors="0">
  <testcase name="main" time="31.532" classname="automationframework.UDF_TC"/>
</testsuite> <!-- automationframework.UDF_TC -->
