<?xml version="1.0" encoding="UTF-8"?>
<!-- Generated by org.testng.reporters.JUnitReportReporter -->
<testsuite name="android.Appium" tests="1" time="137.662" ignored="0" failures="0" timestamp="05 Jun 2017 12:57:24 GMT" skipped="0" hostname="Testing-PC" errors="0">
  <testcase name="Sum" time="137.662" classname="android.Appium"/>
</testsuite> <!-- android.Appium -->
