<?xml version="1.0" encoding="UTF-8"?>
<!-- Generated by org.testng.reporters.JUnitReportReporter -->
<testsuite name="automationframework.TestNg_FrameWork" tests="1" time="18.152" ignored="0" failures="0" timestamp="15 Jan 2017 14:38:28 GMT" skipped="0" hostname="CGS-LAPTOP19" errors="0">
  <testcase name="main" time="18.152" classname="automationframework.TestNg_FrameWork"/>
</testsuite> <!-- automationframework.TestNg_FrameWork -->
