<?xml version="1.0" encoding="UTF-8"?>
<!-- Generated by org.testng.reporters.JUnitReportReporter -->
<testsuite name="utility.TestListener" tests="1" time="15.387" ignored="0" failures="0" timestamp="21 Nov 2017 09:06:19 GMT" skipped="0" hostname="Testing-PC" errors="0">
  <testcase name="main" time="15.387" classname="utility.TestListener"/>
</testsuite> <!-- utility.TestListener -->
